<?xml version="1.0" encoding="UTF-8"?>
<!-- Generated by org.testng.reporters.JUnitXMLReporter -->
<testsuite ignored="0" hostname="LAPTOP-KMM52CRE" failures="0" tests="5" name="Default test" time="7.918" errors="0" timestamp="2023-08-18T01:39:58 IST">
  <testcase classname="restful_booker.CreateBooking" name="createBooking" time="2.499"/>
  <testcase classname="restful_booker.CreateToken" name="createtoken" time="1.361"/>
  <testcase classname="restful_booker.UpdateBooking" name="updateBooking" time="1.22"/>
  <testcase classname="restful_booker.PartialUpdateBooking" name="partialUpdate" time="1.272"/>
  <testcase classname="restful_booker.DeleteBooking" name="deleteBooking" time="1.274"/>
</testsuite> <!-- Default test -->
