<?xml version="1.0" encoding="UTF-8"?>
<testng-results ignored="0" total="5" passed="5" failed="0" skipped="0">
  <reporter-output>
  </reporter-output>
  <suite started-at="2023-08-18T01:39:50 IST" name="Default suite" finished-at="2023-08-18T01:39:58 IST" duration-ms="7918">
    <groups>
    </groups>
    <test started-at="2023-08-18T01:39:50 IST" name="Default test" finished-at="2023-08-18T01:39:58 IST" duration-ms="7918">
      <class name="restful_booker.UpdateBooking">
        <test-method signature="updateBooking()[pri:0, instance:restful_booker.UpdateBooking@52bf72b5]" started-at="2023-08-18T01:39:54 IST" name="updateBooking" finished-at="2023-08-18T01:39:55 IST" depends-on-methods="restful_booker.CreateBooking.createBooking, restful_booker.CreateToken.createtoken" duration-ms="1220" status="PASS">
          <reporter-output>
          </reporter-output>
        </test-method> <!-- updateBooking -->
        <test-method is-config="true" signature="setUp()[pri:0, instance:restful_booker.UpdateBooking@52bf72b5]" started-at="2023-08-18T01:39:54 IST" name="setUp" finished-at="2023-08-18T01:39:54 IST" duration-ms="0" status="PASS">
          <reporter-output>
          </reporter-output>
        </test-method> <!-- setUp -->
      </class> <!-- restful_booker.UpdateBooking -->
      <class name="restful_booker.PartialUpdateBooking">
        <test-method is-config="true" signature="setUp()[pri:0, instance:restful_booker.PartialUpdateBooking@67c27493]" started-at="2023-08-18T01:39:55 IST" name="setUp" finished-at="2023-08-18T01:39:55 IST" duration-ms="0" status="PASS">
          <reporter-output>
          </reporter-output>
        </test-method> <!-- setUp -->
        <test-method signature="partialUpdate()[pri:0, instance:restful_booker.PartialUpdateBooking@67c27493]" started-at="2023-08-18T01:39:55 IST" name="partialUpdate" finished-at="2023-08-18T01:39:56 IST" depends-on-methods="restful_booker.UpdateBooking.updateBooking" duration-ms="1272" status="PASS">
          <reporter-output>
          </reporter-output>
        </test-method> <!-- partialUpdate -->
      </class> <!-- restful_booker.PartialUpdateBooking -->
      <class name="restful_booker.CreateBooking">
        <test-method is-config="true" signature="setUp()[pri:0, instance:restful_booker.CreateBooking@1a482e36]" started-at="2023-08-18T01:39:50 IST" name="setUp" finished-at="2023-08-18T01:39:50 IST" duration-ms="255" status="PASS">
          <reporter-output>
          </reporter-output>
        </test-method> <!-- setUp -->
        <test-method signature="createBooking()[pri:0, instance:restful_booker.CreateBooking@1a482e36]" started-at="2023-08-18T01:39:50 IST" name="createBooking" finished-at="2023-08-18T01:39:52 IST" duration-ms="2499" status="PASS">
          <reporter-output>
          </reporter-output>
        </test-method> <!-- createBooking -->
      </class> <!-- restful_booker.CreateBooking -->
      <class name="restful_booker.CreateToken">
        <test-method signature="createtoken()[pri:0, instance:restful_booker.CreateToken@72967906]" started-at="2023-08-18T01:39:52 IST" name="createtoken" finished-at="2023-08-18T01:39:54 IST" duration-ms="1361" status="PASS">
          <reporter-output>
          </reporter-output>
        </test-method> <!-- createtoken -->
        <test-method is-config="true" signature="setUp()[pri:0, instance:restful_booker.CreateToken@72967906]" started-at="2023-08-18T01:39:52 IST" name="setUp" finished-at="2023-08-18T01:39:52 IST" duration-ms="0" status="PASS">
          <reporter-output>
          </reporter-output>
        </test-method> <!-- setUp -->
      </class> <!-- restful_booker.CreateToken -->
      <class name="restful_booker.DeleteBooking">
        <test-method is-config="true" signature="setUp()[pri:0, instance:restful_booker.DeleteBooking@5b8dfcc1]" started-at="2023-08-18T01:39:56 IST" name="setUp" finished-at="2023-08-18T01:39:56 IST" duration-ms="0" status="PASS">
          <reporter-output>
          </reporter-output>
        </test-method> <!-- setUp -->
        <test-method signature="deleteBooking()[pri:0, instance:restful_booker.DeleteBooking@5b8dfcc1]" started-at="2023-08-18T01:39:56 IST" name="deleteBooking" finished-at="2023-08-18T01:39:58 IST" depends-on-methods="restful_booker.PartialUpdateBooking.partialUpdate" duration-ms="1274" status="PASS">
          <reporter-output>
          </reporter-output>
        </test-method> <!-- deleteBooking -->
      </class> <!-- restful_booker.DeleteBooking -->
    </test> <!-- Default test -->
  </suite> <!-- Default suite -->
</testng-results>
